python request package
request-html package used for webscarping 
	methods 
	fetching the links etc




Task 4 - Browser inspect
	Open the URL below in the browser. Inspect and find out the following attributes.
	URL:https://www.flipkart.com/audio-video/~cs-53mrbtcuf5/pr?sid=0pm&collection-tab-name=Audio+And+Video&p%5B%5D=facets.fulfilled_by%255B%255D%3DFlipkart%2BAssured&p%5B%5D=facets.availability%255B%255D%3DExclude%2BOut%2Bof%2BStock&p%5B%5D=facets.rating%255B%255D%3D4%25E2%2598%2585%2B%2526%2Babove&fm=neo%2Fmerchandising&iid=M_d565fbf6-0263-4fce-b0b8-48e083237d0e_1_372UD5BXDFYS_MC.9JGNW7M0TUHD&otracker=hp_rich_navigation_1_1.navigationCard.RICH_NAVIGATION_Electronics~Audio~All_9JGNW7M0TUHD&otracker1=hp_rich_navigation_PINNED_neo%2Fmerchandising_NA_NAV_EXPANDABLE_navigationCard_cc_1_L2_view-all&cid=9JGNW7M0TUHD
	
	Find the following:
	
	
Data loading ajax URL
	 https://www.flipkart.com/audio-video/~cs-53mrbtcuf5/pr?sid=0pm&collection-tab-name=Audio+And+Video&p%5B%5D=facets.fulfilled_by%255B%255D%3DFlipkart%2BAssured&p%5B%5D=facets.availability%255B%255D%3DExclude%2BOut%2Bof%2BStock&p%5B%5D=facets.rating%255B%255D%3D4%25E2%2598%2585%2B%2526%2Babove&fm=neo%2Fmerchandising&iid=M_d565fbf6-0263-4fce-b0b8-48e083237d0e_1_372UD5BXDFYS_MC.9JGNW7M0TUHD&otracker=hp_rich_navigation_1_1.navigationCard.RICH_NAVIGATION_Electronics~Audio~All_9JGNW7M0TUHD&otracker1=hp_rich_navigation_PINNED_neo%2Fmerchandising_NA_NAV_EXPANDABLE_navigationCard_cc_1_L2_view-all&cid=9JGNW7M0TUHD
	 
Request Headers
	
Accept: text/html,application/xhtml+xml,application/xml;q=0.9,image/avif,image/webp,image/apng,*/*;q=0.8,application/signed-exchange;v=b3;q=0.9
Accept-Encoding: gzip, deflate, br
Accept-Language: en-GB,en-US;q=0.9,en;q=0.8
Cache-Control: max-age=0
Connection: keep-alive
Cookie: Network-Type=4g; T=TI164250499041100226897248891312494658820757256843340625687994657343; AMCVS_17EB401053DAF4840A490D4C%40AdobeOrg=1; S=d1t14PwFhPw5ZPz8/P0hxPwEJc44YjI7PhKuYfetNI1c0tsRscDOVB/Fk8OTLOm+MFQu92Qvj0nimtizMM7EpMViB5g==; AMCV_17EB401053DAF4840A490D4C%40AdobeOrg=-227196251%7CMCIDTS%7C19011%7CMCMID%7C39581606265900400272621788213465934006%7CMCAID%7CNONE%7CMCOPTOUT-1642514874s%7CNONE; SN=VI51FA9345CB9F4488A3C06EBEEF8A8F96.TOK1DB5EE554B014778B0B3C360D007C70C.1642509702.LO
Host: www.flipkart.com
Sec-Fetch-Dest: document
Sec-Fetch-Mode: navigate
Sec-Fetch-Site: none
Sec-Fetch-User: ?1
Sec-GPC: 1
Upgrade-Insecure-Requests: 1
User-Agent: Mozilla/5.0 (X11; Linux x86_64) AppleWebKit/537.36 (KHTML, like Gecko) Chrome/97.0.4692.71 Safari/537.36

Response Headers

Content-Encoding: gzip
Content-Security-Policy: default-src 'self'; script-src 'self' 'unsafe-eval' https://*.flixcart.com https://*.flixcart.net https://flipkart.d1.sc.omtrdc.net https://dpm.demdex.net https://tnc.phonepe.com 'nonce-147464810802327579'; style-src 'self' 'unsafe-inline' https://*.flixcart.com https://tnc.phonepe.com https://*.flixcart.net; img-src 'self' data: blob: https://*.flixcart.com https://*.flixcart.net https://images.ixigo.com https://flipkart.d1.sc.omtrdc.net https://www.facebook.com https://*.fkapi.net https://googleads.g.doubleclick.net https://www.google.com https://www.google.co.in https://www.googleadservices.com https://sp.analytics.yahoo.com https://bat.bing.com https://bat.r.msn.com https://pay.payzippy.com https://1.pay.payzippy.com https://tnc.phonepe.com; font-src 'self' data: https://*.flixcart.com https://tnc.phonepe.com https://*.flixcart.net; frame-src 'self' https://*.flipkart.com http://*.flipkart.com https://*.youtube.com https://youtube.com https://*.vimeo.com https://pay.payzippy.com https://1.pay.payzippy.com https://tnc.phonepe.com https://cdemux.appspot.com 'nonce-147464810802327579'; worker-src 'self' https://*.flipkart.com blob:; child-src 'self' https://*.flipkart.com 'nonce-147464810802327579'; connect-src 'self' *; object-src 'none'; base-uri 'self'; report-uri https://sentry.flipkart.com/api/69/security/?sentry_key=8c5053b8efc541dca3d22ce55f00a82e&sentry_release=4.69.0
Content-Type: text/html; charset=utf-8
Date: Tue, 18 Jan 2022 12:41:45 GMT
Server: nginx
Set-Cookie: T=TI164250499041100226897248891312494658820757256843340625687994657343; Max-Age=31536000; Domain=flipkart.com; Path=/; Expires=Wed, 18 Jan 2023 12:41:44 GMT; Secure; SameSite=None
Set-Cookie: T=TI164250499041100226897248891312494658820757256843340625687994657343; Max-Age=31536000; Domain=flipkart.net; Path=/; Expires=Wed, 18 Jan 2023 12:41:44 GMT; Secure; SameSite=None
Set-Cookie: SN=VI51FA9345CB9F4488A3C06EBEEF8A8F96.TOK1DB5EE554B014778B0B3C360D007C70C.1642509704.LO; Max-Age=15778476; Domain=flipkart.com; Path=/; Expires=Wed, 20 Jul 2022 03:36:21 GMT; HttpOnly
Transfer-Encoding: chunked
X-Content-Type-Options: nosniff
x-e-id: 10.33.114.199
X-Frame-Options: SAMEORIGIN
X-XSS-Protection: 1; mode=block

Response cookies

	T	TI164250499041100226897248891312494658820757256843340625687994657343	flipkart.com	/	365.0 days	180		✓	None		Medium	
	SN	VI51FA9345CB9F4488A3C06EBEEF8A8F96.TOK1DB5EE554B014778B0B3C360D007C70C.1642509704.LO	flipkart.com	/	182.6 days	183	✓				Medium	
	T	TI164250499041100226897248891312494658820757256843340625687994657343	flipkart.net	/	365.0 days	179		✓	None		Me
	
Request method type:
	GET

Response status code
	200 OK

	
